[sexcames.mystrikingly.com/blog/free-live-sex-chat-and-adult-live-porn-cams-xxx.html]
[backblue.gif]
[fade.gif]
[index.html]
[static-assets.strikinglycdn.com/v4/blog.show.b25c551e40b850870757.bundle.css]
[static-assets.strikinglycdn.com/themes/spectre/main_v4.23afabbba53d1149e937.bundle.css]
[www.google-analytics.com/analytics.js]
[user-images.strikinglycdn.com/res/hrscywv4p/image/upload/c_limit,fl_lossy,h_300,w_300,f_auto,q_auto/5769598/958373_149415.png]
[assets.strikingly.com/static/backgrounds/blur/5.jpg]
[user-images.strikinglycdn.com/res/hrscywv4p/image/upload/c_limit,fl_lossy,h_9000,w_1200,f_auto,q_auto/5769598/383807_173284.jpg]
[user-images.strikinglycdn.com/res/hrscywv4p/image/upload/c_limit,fl_lossy,h_9000,w_1200,f_auto,q_auto/5769598/688302_810370.jpg]
[user-images.strikinglycdn.com/res/hrscywv4p/image/upload/c_limit,fl_lossy,h_9000,w_1200,f_auto,q_auto/5769598/292056_434182.jpg]
[user-images.strikinglycdn.com/res/hrscywv4p/image/upload/c_limit,fl_lossy,h_9000,w_1200,f_auto,q_auto/5769598/607841_4404.jpg]
[sexcames.mystrikingly.com/blog/sexcames-free-live-sex-cams-and-live-porn-adult-sex-chat.html]
[static-assets.strikinglycdn.com/images/blog/small-s-icon.png]
[static-assets.strikinglycdn.com/jquery-f4e2137d267f77818d966e03df031337a38003039d43f15029422ddd171e14c4.js]
[static-assets.strikinglycdn.com/i18n-2ace11ac644d0b40fb8b7cb65e9dd1e553022750e0254118dacbe1fe50735e97.js]
[static-assets.strikinglycdn.com/webpack/site-dll.2f0c603fb8aebe7d4c0f.js]
[sexcames.mystrikingly.com/blog/free-live-sex-chat-and-adult-live-porn-cams-xxx.html]
[static-assets.strikinglycdn.com/v4/blog.show.b25c551e40b850870757.bundle.css]
[static-assets.strikinglycdn.com/themes/spectre/main_v4.23afabbba53d1149e937.bundle.css]
[assets.strikingly.com/static/backgrounds/blur/4.jpg]
[user-images.strikinglycdn.com/res/hrscywv4p/image/upload/c_limit,fl_lossy,h_9000,w_1200,f_auto,q_auto/5769598/235278_748795.png]
[user-images.strikinglycdn.com/res/hrscywv4p/image/upload/c_limit,fl_lossy,h_9000,w_1200,f_auto,q_auto/5769598/197193_238378.png]
[user-images.strikinglycdn.com/res/hrscywv4p/image/upload/c_limit,fl_lossy,h_9000,w_1200,f_auto,q_auto/5769598/542831_751005.png]
[user-images.strikinglycdn.com/res/hrscywv4p/image/upload/c_limit,fl_lossy,h_9000,w_1200,f_auto,q_auto/5769598/556080_585642.png]
[user-images.strikinglycdn.com/res/hrscywv4p/image/upload/c_limit,fl_lossy,h_9000,w_1200,f_auto,q_auto/5769598/220801_753581.png]
[user-images.strikinglycdn.com/res/hrscywv4p/image/upload/c_limit,fl_lossy,h_9000,w_1200,f_auto,q_auto/5769598/643158_748411.png]
[sexcames.mystrikingly.com/blog/sexcames-free-live-sex-cams-and-live-porn-adult-sex-chat.html]
[static-assets.strikinglycdn.com/webpack/blog_show-site-bundle.acc84ac36d694b644f48.js]
